TN:
SF:/Users/ruben/Git/moonmail-js-sdk/src/index.ts
FN:9,(anonymous_0)
FN:11,MoonMail
FN:15,(anonymous_2)
FN:19,(anonymous_3)
FN:23,(anonymous_4)
FN:32,(anonymous_5)
FNF:6
FNH:3
FNDA:1,(anonymous_0)
FNDA:1,MoonMail
FNDA:1,(anonymous_2)
FNDA:0,(anonymous_3)
FNDA:0,(anonymous_4)
FNDA:0,(anonymous_5)
DA:1,1
DA:9,1
DA:10,1
DA:12,1
DA:15,1
DA:16,1
DA:19,1
DA:20,0
DA:23,1
DA:24,0
DA:26,1
DA:32,1
DA:33,0
LF:13
LH:10
BRF:0
BRH:0
end_of_record
TN:
SF:/Users/ruben/Git/moonmail-js-sdk/src/types.ts
FN:1,(anonymous_0)
FN:5,(anonymous_1)
FNF:2
FNH:2
FNDA:1,(anonymous_0)
FNDA:1,(anonymous_1)
DA:1,1
DA:2,1
DA:5,1
DA:6,1
DA:7,1
LF:5
LH:5
BRDA:1,0,0,1
BRDA:1,0,1,1
BRDA:5,1,0,1
BRDA:5,1,1,1
BRF:4
BRH:4
end_of_record
TN:
SF:/Users/ruben/Git/moonmail-js-sdk/src/utils.ts
FN:12,(anonymous_0)
FN:28,(anonymous_1)
FNF:2
FNH:2
FNDA:2,(anonymous_0)
FNDA:2,(anonymous_1)
DA:1,2
DA:3,2
DA:5,2
DA:12,2
DA:16,2
DA:28,2
DA:32,2
LF:7
LH:7
BRF:0
BRH:0
end_of_record
